\BOOKMARK [1][-]{section.1}{\376\377\000G\000i\036\333\000i\000\040\000t\000h\000i\036\307\000u}{}% 1
\BOOKMARK [2][-]{subsection.1.1}{\376\377\000T\036\325\000n\000g\000\040\000q\000u\000a\000n}{section.1}% 2
\BOOKMARK [2][-]{subsection.1.2}{\376\377\000V\036\301\000\040\000S\000o\000c\000k\000e\000t}{section.1}% 3
\BOOKMARK [2][-]{subsection.1.3}{\376\377\000C\000\364\000n\000g\000\040\000c\036\345}{section.1}% 4
\BOOKMARK [3][-]{subsubsection.1.3.1}{\376\377\000w\000x\000W\000i\000d\000g\000e\000t\000s}{subsection.1.3}% 5
\BOOKMARK [3][-]{subsubsection.1.3.2}{\376\377\000A\000s\000i\000o}{subsection.1.3}% 6
\BOOKMARK [3][-]{subsubsection.1.3.3}{\376\377\000W\000i\000n\000d\000o\000w\000s\000\040\000A\000P\000I}{subsection.1.3}% 7
\BOOKMARK [2][-]{subsection.1.4}{\376\377\000C\000\341\000c\000\040\000l\000i\000n\000k}{section.1}% 8
\BOOKMARK [3][-]{subsubsection.1.4.1}{\376\377\000L\000i\000n\000k\000\040\000v\000i\000d\000e\000o\000\040\000d\000e\000m\000o}{subsection.1.4}% 9
\BOOKMARK [3][-]{subsubsection.1.4.2}{\376\377\000L\000i\000n\000k\000\040\000m\000\343\000\040\000n\000g\000u\036\323\000n}{subsection.1.4}% 10
\BOOKMARK [1][-]{section.2}{\376\377\000C\000\341\000c\000\040\000c\000h\036\351\000c\000\040\000n\001\003\000n\000g\000\040\000c\036\347\000a\000\040\000p\000h\036\247\000n\000\040\000m\036\301\000m}{}% 11
\BOOKMARK [2][-]{subsection.2.1}{\376\377\000G\000i\000a\000o\000\040\000d\000i\036\307\000n\000\040\000c\036\347\000a\000\040\036\351\000n\000g\000\040\000d\036\345\000n\000g\000\040\000k\000h\000i\000\040\000k\000h\036\337\000i\000\040\001\021\036\331\000n\000g}{section.2}% 12
\BOOKMARK [3][-]{subsubsection.2.1.1}{\376\377\000C\000\341\000c\000\040\000h\000\340\000m\000\040\001\021\000\343\000\040\000c\000\340\000i\000\040\001\021\036\267\000t}{subsection.2.1}% 13
\BOOKMARK [2][-]{subsection.2.2}{\376\377\000G\000i\000a\000o\000\040\000d\000i\036\307\000n\000\040\000c\036\347\000a\000\040\036\351\000n\000g\000\040\000d\036\345\000n\000g\000\040\000s\000a\000u\000\040\000k\000h\000i\000\040\001\021\001\003\000n\000g\000\040\000n\000h\036\255\000p}{section.2}% 14
\BOOKMARK [3][-]{subsubsection.2.2.1}{\376\377\000G\000i\036\333\000i\000\040\000t\000h\000i\036\307\000u}{subsection.2.2}% 15
\BOOKMARK [2][-]{subsection.2.3}{\376\377\000M\000\340\000n\000\040\000h\000\354\000n\000h\000\040\000M\000e\000n\000u\000\040\000c\036\347\000a\000\040\000C\000l\000i\000e\000n\000t}{section.2}% 16
\BOOKMARK [3][-]{subsubsection.2.3.1}{\376\377\000M\000\364\000\040\000t\036\243}{subsection.2.3}% 17
\BOOKMARK [3][-]{subsubsection.2.3.2}{\376\377\000H\001\260\036\333\000n\000g\000\040\000d\036\253\000n\000\040\000s\036\355\000\040\000d\036\345\000n\000g}{subsection.2.3}% 18
\BOOKMARK [2][-]{subsection.2.4}{\376\377\000M\000\340\000n\000\040\000h\000\354\000n\000h\000\040\000M\000a\000n\000a\000g\000e\000r}{section.2}% 19
\BOOKMARK [2][-]{subsection.2.5}{\376\377\000C\036\355\000a\000\040\000s\036\325\000\040\000S\000e\000t\000t\000i\000n\000g}{section.2}% 20
\BOOKMARK [1][-]{section.3}{\376\377\000T\036\325\000\040\000c\000h\036\351\000c\000\040\000t\000h\001\260\000\040\000m\036\345\000c\000\040\000c\036\347\000a\000\040\000c\000h\001\260\001\241\000n\000g\000\040\000t\000r\000\354\000n\000h}{}% 21
\BOOKMARK [1][-]{section.4}{\376\377\000C\000\372\000\040\000p\000h\000\341\000p\000\040\000e\000m\000a\000i\000l}{}% 22
\BOOKMARK [1][-]{section.5}{\376\377\000K\000i\036\277\000n\000\040\000t\000r\000\372\000c\000\040\036\351\000n\000g\000\040\000d\036\345\000n\000g\000:\000\040}{}% 23
\BOOKMARK [1][-]{section.6}{\376\377\000K\000i\036\277\000n\000\040\000t\000r\000\372\000c\000\040\000N\000e\000t\000w\000o\000r\000k\000:\000\040}{}% 24
\BOOKMARK [2][-]{subsection.6.1}{\376\377\000M\000e\000s\000s\000a\000g\000e\000:\000\040}{section.6}% 25
\BOOKMARK [2][-]{subsection.6.2}{\376\377\000T\000h\000r\000e\000a\000d\000S\000a\000f\000e\000\040\000Q\000u\000e\000u\000e\000:\000\040}{section.6}% 26
\BOOKMARK [2][-]{subsection.6.3}{\376\377\000S\000e\000s\000s\000i\000o\000n\000:\000\040}{section.6}% 27
\BOOKMARK [2][-]{subsection.6.4}{\376\377\000I\000C\000l\000i\000e\000n\000t\000\040\000v\000\340\000\040\000I\000S\000e\000r\000v\000e\000r\000:\000\040}{section.6}% 28
\BOOKMARK [2][-]{subsection.6.5}{\376\377\000G\000i\000a\000o\000\040\000t\000i\036\277\000p\000\040\000g\000i\036\357\000a\000\040\000c\000\341\000c\000\040\000t\000h\000\340\000n\000h\000\040\000p\000h\036\247\000n\000:\000\040}{section.6}% 29
\BOOKMARK [3][-]{subsubsection.6.5.1}{\376\377\000T\000h\000i\036\277\000t\000\040\000l\036\255\000p\000\040\000k\036\277\000t\000\040\000n\036\321\000i\000:\000\040}{subsection.6.5}% 30
\BOOKMARK [1][-]{section.7}{\376\377\000G\036\355\000i\000\040\000v\000\340\000\040\000n\000h\036\255\000n\000\040\000e\000m\000a\000i\000l}{}% 31
\BOOKMARK [2][-]{subsection.7.1}{\376\377\000N\000h\036\255\000n\000\040\000m\000a\000i\000l}{section.7}% 32
\BOOKMARK [2][-]{subsection.7.2}{\376\377\000G\036\355\000i\000\040\000m\000a\000i\000l}{section.7}% 33
\BOOKMARK [1][-]{section.8}{\376\377\000C\000\341\000c\000\040\000h\000\340\000m\000\040\000x\036\355\000\040\000l\000\375\000\040\000y\000\352\000u\000\040\000c\036\247\000u}{}% 34
\BOOKMARK [2][-]{subsection.8.1}{\376\377\000P\000h\000\342\000n\000\040\000t\000\355\000c\000h\000\040\000c\000\342\000u\000\040\000l\036\307\000n\000h}{section.8}% 35
\BOOKMARK [2][-]{subsection.8.2}{\376\377\000M\000o\000d\000u\000l\000e\000\040\000m\000a\000i\000l\000\137\000h\000a\000n\000d\000l\000e\000r}{section.8}% 36
\BOOKMARK [2][-]{subsection.8.3}{\376\377\000P\000r\000o\000c\000e\000s\000s\000/\000A\000p\000p\000l\000i\000c\000a\000t\000i\000o\000n}{section.8}% 37
\BOOKMARK [2][-]{subsection.8.4}{\376\377\000C\000h\036\345\000p\000\040\000m\000\340\000n\000\040\000h\000\354\000n\000h}{section.8}% 38
\BOOKMARK [2][-]{subsection.8.5}{\376\377\000W\000e\000b\000c\000a\000m}{section.8}% 39
\BOOKMARK [2][-]{subsection.8.6}{\376\377\000K\000e\000y\000l\000o\000g\000g\000e\000r}{section.8}% 40
\BOOKMARK [2][-]{subsection.8.7}{\376\377\000R\000e\000g\000i\000s\000t\000r\000y}{section.8}% 41
\BOOKMARK [2][-]{subsection.8.8}{\376\377\000D\000i\000r\000e\000c\000t\000o\000r\000y}{section.8}% 42
\BOOKMARK [2][-]{subsection.8.9}{\376\377\000S\000h\000u\000t\000d\000o\000w\000n\000/\000l\000o\000g\000\040\000o\000u\000t\000/\000r\000e\000s\000t\000a\000r\000t}{section.8}% 43
\BOOKMARK [1][-]{section.9}{\376\377\000D\000e\000m\000o}{}% 44
\BOOKMARK [1][-]{section*.1}{\376\377\000L\036\335\000i\000\040\000c\036\243\000m\000\040\001\241\000n}{}% 45
